
> vibe-generated-app@1.0.0 dev
> vite


  VITE v5.4.20  ready in 213 ms

  ➜  Local:   http://localhost:3000/
  ➜  Network: http://172.20.0.170:3000/
1:36:24 PM [vite] Pre-transform error: Transform failed with 1 error:
/home/workspace/src/components/XMB.jsx:434:0: ERROR: Unterminated string literal
1:36:25 PM [vite] Internal server error: Transform failed with 1 error:
/home/workspace/src/components/XMB.jsx:434:0: ERROR: Unterminated string literal
  Plugin: vite:esbuild
  File: /home/workspace/src/components/XMB.jsx:434:0
  
  Unterminated string literal
  432|    )
  433|  }
  434|  
     |  ^
  
      at failureErrorWithLog (/home/workspace/node_modules/esbuild/lib/main.js:1472:15)
      at /home/workspace/node_modules/esbuild/lib/main.js:755:50
      at responseCallbacks.<computed> (/home/workspace/node_modules/esbuild/lib/main.js:622:9)
      at handleIncomingPacket (/home/workspace/node_modules/esbuild/lib/main.js:677:12)
      at Socket.readFromStdout (/home/workspace/node_modules/esbuild/lib/main.js:600:7)
      at Socket.emit (node:events:508:28)
      at addChunk (node:internal/streams/readable:559:12)
      at readableAddChunkPushByteMode (node:internal/streams/readable:510:3)
      at Readable.push (node:internal/streams/readable:390:5)
      at Pipe.onStreamRead (node:internal/stream_base_commons:189:23)
1:38:36 PM [vite] Internal server error: Transform failed with 1 error:
/home/workspace/src/components/XMB.jsx:434:0: ERROR: Unterminated string literal
  Plugin: vite:esbuild
  File: /home/workspace/src/components/XMB.jsx:434:0
  
  Unterminated string literal
  432|    )
  433|  }
  434|  
     |  ^
  
      at failureErrorWithLog (/home/workspace/node_modules/esbuild/lib/main.js:1472:15)
      at /home/workspace/node_modules/esbuild/lib/main.js:755:50
      at responseCallbacks.<computed> (/home/workspace/node_modules/esbuild/lib/main.js:622:9)
      at handleIncomingPacket (/home/workspace/node_modules/esbuild/lib/main.js:677:12)
      at Socket.readFromStdout (/home/workspace/node_modules/esbuild/lib/main.js:600:7)
      at Socket.emit (node:events:508:28)
      at addChunk (node:internal/streams/readable:559:12)
      at readableAddChunkPushByteMode (node:internal/streams/readable:510:3)
      at Readable.push (node:internal/streams/readable:390:5)
      at Pipe.onStreamRead (node:internal/stream_base_commons:189:23)
